<?xml version="1.0" encoding="UTF-8"?>
<!-- Generated by org.testng.reporters.JUnitXMLReporter -->
<testsuite ignored="9" hostname="Midhu" failures="0" tests="1" name="Test" time="0.058" errors="0" timestamp="2023-07-20T19:59:45 IST">
  <testcase classname="com.actitime.testscript.ProjectModule" name="modifyproject" time="0.013"/>
  <testcase classname="com.actitime.testscript.TaskModule" name="modifytask" time="0.0">
    <ignored/>
  </testcase> <!-- modifytask -->
  <testcase classname="com.actitime.testscript.ProjectModule" name="createproject" time="0.0">
    <ignored/>
  </testcase> <!-- createproject -->
  <testcase classname="com.actitime.testscript.CustomerModule" name="createcustomerr" time="0.0">
    <ignored/>
  </testcase> <!-- createcustomerr -->
  <testcase classname="com.actitime.testscript.CustomerModule" name="deleteCustomer" time="0.0">
    <ignored/>
  </testcase> <!-- deleteCustomer -->
  <testcase classname="com.actitime.testscript.TaskModule" name="createTask" time="0.0">
    <ignored/>
  </testcase> <!-- createTask -->
  <testcase classname="basics.TestNG1" name="demo" time="0.0">
    <ignored/>
  </testcase> <!-- demo -->
  <testcase classname="com.actitime.testscript.CustomerModule" name="modifyCustomer" time="0.0">
    <ignored/>
  </testcase> <!-- modifyCustomer -->
  <testcase classname="com.actitime.testscript.TaskModule" name="deleteTask" time="0.0">
    <ignored/>
  </testcase> <!-- deleteTask -->
  <testcase classname="com.actitime.testscript.ProjectModule" name="deleteproject" time="0.0">
    <ignored/>
  </testcase> <!-- deleteproject -->
</testsuite> <!-- Test -->
