<?xml version="1.0" encoding="UTF-8"?>
<!-- Generated by org.testng.reporters.JUnitXMLReporter -->
<testsuite ignored="0" hostname="Midhu" failures="0" tests="5" name="Default test" time="0.088" errors="0" timestamp="2023-07-27T13:01:17 IST">
  <testcase classname="com.actitime.testscript.CustomerModule" name="createcustomer" time="0.016"/>
  <testcase classname="com.actitime.testscript.CustomerModule" name="createcustomer" time="0.002"/>
  <testcase classname="com.actitime.testscript.CustomerModule" name="createcustomer" time="0.003"/>
  <testcase classname="com.actitime.testscript.CustomerModule" name="modifyCustomer" time="0.004"/>
  <testcase classname="com.actitime.testscript.CustomerModule" name="deleteCustomer" time="0.002"/>
</testsuite> <!-- Default test -->
