<?xml version="1.0" encoding="UTF-8"?>
<testng-results ignored="0" total="5" passed="5" failed="0" skipped="0">
  <reporter-output>
    <line>
      <![CDATA[Createcustomer]]>
    </line>
    <line>
      <![CDATA[Createcustomer]]>
    </line>
    <line>
      <![CDATA[Createcustomer]]>
    </line>
    <line>
      <![CDATA[modifyCustomer]]>
    </line>
    <line>
      <![CDATA[deleteCustomer]]>
    </line>
  </reporter-output>
  <suite started-at="2023-07-27T13:01:17 IST" name="Default suite" finished-at="2023-07-27T13:01:17 IST" duration-ms="88">
    <groups>
    </groups>
    <test started-at="2023-07-27T13:01:17 IST" name="Default test" finished-at="2023-07-27T13:01:17 IST" duration-ms="88">
      <class name="com.actitime.testscript.CustomerModule">
        <test-method signature="createcustomer()[pri:1, instance:com.actitime.testscript.CustomerModule@411f53a0]" started-at="2023-07-27T13:01:17 IST" name="createcustomer" finished-at="2023-07-27T13:01:17 IST" duration-ms="16" status="PASS">
          <reporter-output>
            <line>
              <![CDATA[Createcustomer]]>
            </line>
          </reporter-output>
        </test-method> <!-- createcustomer -->
        <test-method signature="createcustomer()[pri:1, instance:com.actitime.testscript.CustomerModule@411f53a0]" started-at="2023-07-27T13:01:17 IST" name="createcustomer" finished-at="2023-07-27T13:01:17 IST" duration-ms="2" status="PASS">
          <reporter-output>
            <line>
              <![CDATA[Createcustomer]]>
            </line>
          </reporter-output>
        </test-method> <!-- createcustomer -->
        <test-method signature="createcustomer()[pri:1, instance:com.actitime.testscript.CustomerModule@411f53a0]" started-at="2023-07-27T13:01:17 IST" name="createcustomer" finished-at="2023-07-27T13:01:17 IST" duration-ms="3" status="PASS">
          <reporter-output>
            <line>
              <![CDATA[Createcustomer]]>
            </line>
          </reporter-output>
        </test-method> <!-- createcustomer -->
        <test-method signature="modifyCustomer()[pri:2, instance:com.actitime.testscript.CustomerModule@411f53a0]" started-at="2023-07-27T13:01:17 IST" name="modifyCustomer" finished-at="2023-07-27T13:01:17 IST" depends-on-methods="com.actitime.testscript.CustomerModule.createcustomer" duration-ms="4" status="PASS">
          <reporter-output>
            <line>
              <![CDATA[modifyCustomer]]>
            </line>
          </reporter-output>
        </test-method> <!-- modifyCustomer -->
        <test-method signature="deleteCustomer()[pri:3, instance:com.actitime.testscript.CustomerModule@411f53a0]" started-at="2023-07-27T13:01:17 IST" name="deleteCustomer" finished-at="2023-07-27T13:01:17 IST" depends-on-methods="com.actitime.testscript.CustomerModule.modifyCustomer, com.actitime.testscript.CustomerModule.createcustomer" duration-ms="2" status="PASS">
          <reporter-output>
            <line>
              <![CDATA[deleteCustomer]]>
            </line>
          </reporter-output>
        </test-method> <!-- deleteCustomer -->
      </class> <!-- com.actitime.testscript.CustomerModule -->
    </test> <!-- Default test -->
  </suite> <!-- Default suite -->
</testng-results>
